R5P1y+xT/MxRex4SajeEC4y/Qs7snPQrk+qcoUdR1Ui898mjccqblSJ6Fe3l/5KqELg9FtRQqlWB
HQ/EPLJG0XWxO6Ulum770f+wT9TSEb7FEpRxdT8nDv7QlCCA/aKhqZdCcVWer6V7xMHkacokQRDf
SM1GbL5v6MV0JlZpwF3jJ93JaWk8K155aH6Og3NllIbubXTzMnNo1Pk2ZSL3CR8ohzrOQ4MF1D1a
XYfrkMNFi0bd0Thtyz7A8UrlDkqg0UEj1NtCBTjz/INIg6pXVqy0CBylTN2dBFUPkjTIMdwzqEeL
xBwtl9jCNa4+fhR4VPZi21c85p7OQYQ4R/JmZZ9fQwWVQvOKDOP/RHHmzbjmy5SxpQmP6gGQaFC1
boQH/MSmY6egir8mmWmPkQuYMfFSldhlhIjq4jGoTTPAI7UKeqGFOowb+ZDKEoh6YObeoxEJcoSD
Dz/GUMrmu4OuZVcks8QQAbKvf3Z/rA2B5T1+8StL59IZe2cYZ5ZdP05bE27SJOrbJckRcyWyIrs/
Lu3PROtjuqE3LrJWx3Vs3BJkF7EJkBBXyeGadXHbKDjXRMkocohXQBRRApGBvMQujw9lmFS7nZeI
KEUqrgG0VTMNFUNw8J27Sijih+T2eiPRPC950XOm2ZAGJ/v5Yyfr6IC8JHTRr6+b1GpAgOaLzGmt
TJZdPY0JmDZAReS6mm9oiYokbwQ9t+1AjF4c9svmPDPNYJQe3tQgPcPtmF4gDSQi3ibaaNi4MGQm
WF2JhuRih0s7qTrTx0razAEy5EZY+v32xaiH1xF29cgnDGl11Ear+0uKtC3/RCRBXCSHnNRCtvUF
JhyXHGuo6clR7osLGqaVBf+WhcMAE73cBXXKBI73hp4bhkaIY6SHOj3u58tlOHmFdL7Y7Tr8LQE+
YiSbKM34T1+2s0gFy4tX044wRYjmZ4ZiX7C53iZxJ2aVLHej50Hnjk3zTTJLjQxSj0nlZVYS30cP
qdcEZFZWJTmdJZ6Xw60nXhvSn6QDidbKKPvtM3UY+pDmvsTC2544mUdx66c0y0JJ9Fz/unUSqdnO
rKqSh/y6r/vGvbMzdl20OnG1FgouKnVsrybOHFKk7Muh5ncGajSaKhKDSfGbhZ42j+D8OtP9QAx8
BqPSkBkpUcwin7in2VVmpl3pA198E1oY5FnlN/fhCufbs9UB221zMu0JnbzrvwroLxR0szIdFhpl
MYmeot7w4udU743x06ftMfZpX66jKlMezV6YL/TBRBmFHtRqcMtJgFyK3VynbkUtI7dq3+bR9ET2
Ns5GnA7QQtod5f17xFJR9v/P2TwfwZQnCwr4nCansaSNa1hlyiTOM7ACSUqjVsp6RUXomQrHIH3d
j4FtMnQqhI3zS19aEzTal6rlOSrT9EJppGHJeZyiTggf1bo/vmjJ+Cgfn5aIK90142tG0zeK1z1r
rU5OXAqqCDoJ9G0GwNTivH0AuUtW5Xmzzmu5+i2kDHtv1C/IR7J2FzOPI3fdkSceOHejsYw9PvhF
6AueGRQSZfqRPEnbn7in2VVmpl3pA198E1oY5FnlN/fhCufbs9UB221zMu0JnbzrvwroLxR0szId
FhplMYmeot7w4udU743x06ftMVCnkEzUqV8+IKRXrYQ1j7gN0P9pw+awTOPxFctAFETYjhA0WIrn
e8reLSeNB9tSMhds7Pkliq1PrMB+Ig4A/lrmgW+mvOQhFTn5GGJUDZNE1sLN++MpeBUD+DUjsWmT
hg9lmFS7nZeIKEUqrgG0VTMNFUNw8J27Sijih+T2eiPRPC950XOm2ZAGJ/v5Yyfr6PaFbdqTdM9n
Jt2O9HOYcDHKKYrRZ9kzHGATMG8GsNUHqRs/MNtAejMK7yRkQ6ib8snK1t4pUID6fof19h9g0BK7
QfWgYs8Xa5OMJ4IY2NQ+mZvT0vraxjqvfbJJs+ZPd9Lfz2nPqtqONSkJpvQSKfvUu9gol5Uc+rrp
kuickzF3ZSjgFlX5Ymcw7yu9J+nfaizdMp7jJdRvjTfQD3MnOlyAUit/WsMIwYnfKuxA5BccDIeE
AH/asb+XeWrkBIdSy1uRGVVRRj9sRGNAweyZ4hmXw60nXhvSn6QDidbKKPvtM3UY+pDmvsTC2544
mUdx66c0y0JJ9Fz/unUSqdnOrKoKrVaWthrF7JGxW4/KqYXDx3yF+mqB1Ay2HlBXgZQO8vz014i/
q6pdv8y1qntC+8jd9evYYq8uBzgDxxf38iTEPS5tNApkGajtx4ufA39NNA==
